<?xml version="1.0" encoding="UTF-8"?>
<testsuite name="wordgame.UsedLettersTest" tests="2" skipped="0" failures="0" errors="0" timestamp="2023-03-09T00:41:13" hostname="Massimos-MacBook-Pro-3.local" time="0.006">
  <properties/>
  <testcase name="hasBeenUsedTest" classname="wordgame.UsedLettersTest" time="0.005"/>
  <testcase name="hasBeenUsedCapitalLetterTest" classname="wordgame.UsedLettersTest" time="0.0"/>
  <system-out><![CDATA[]]></system-out>
  <system-err><![CDATA[]]></system-err>
</testsuite>
